Turbo Assembler	 Version 4.1	    11/22/22 13:25:14	    Page 1
8-2.asm



      1	0000			     .MODEL SMALL			     ; код вмещается в один сегмент +
      2				     памяти
      3	0000			     .STACK 100h				     ; на выполнение программы +
      4				     выделяется 256 бит
      5
      6				     nl	macro					     ; макрос перевода строки
      7					     push AX
      8					     push DX
      9					     mov AH, 2
     10					     mov DL, 10
     11					     int 21h
     12					     mov DL, 13
     13					     int 21h
     14					     pop DX
     15					     pop AX
     16				     endm
     17
     18				     stars macro			     ; макрос печатает 10	звездочек  +
     19				     с	новой строки
     20					     local p
     21					     push AX
     22					     push DX
     23					     push CX
     24					     nl						     ; вложенный макрос
     25					     mov CX, 10
     26					     mov AH, 2
     27					     mov DL, '*'
     28					     p:
     29						     int 21h
     30					     loop p
     31					     pop CX
     32					     pop DX
     33					     pop AX
     34				     endm
     35
     36	0000			     .CODE					     ; сегмент кода
     37	0000			     begin:					     ; метка входа в	программу
     38					     ; вызов макросов
     39					     stars
1    40	0000  50			     push AX
1    41	0001  52			     push DX
1    42	0002  51			     push CX
1    43					     nl						     ; вложенный макрос
2    44	0003  50			     push AX
2    45	0004  52			     push DX
2    46	0005  B4 02			     mov AH, 2
2    47	0007  B2 0A			     mov DL, 10
2    48	0009  CD 21			     int 21h
2    49	000B  B2 0D			     mov DL, 13
2    50	000D  CD 21			     int 21h
2    51	000F  5A			     pop DX
2    52	0010  58			     pop AX
1    53	0011  B9 000A			     mov CX, 10
1    54	0014  B4 02			     mov AH, 2
1    55	0016  B2 2A			     mov DL, '*'
1    56	0018				     ??0000:
1    57	0018  CD 21				     int 21h
Turbo Assembler	 Version 4.1	    11/22/22 13:25:14	    Page 2
8-2.asm



1    58	001A  E2 FC			     loop ??0000
1    59	001C  59			     pop CX
1    60	001D  5A			     pop DX
1    61	001E  58			     pop AX
     62					     stars
1    63	001F  50			     push AX
1    64	0020  52			     push DX
1    65	0021  51			     push CX
1    66					     nl						     ; вложенный макрос
2    67	0022  50			     push AX
2    68	0023  52			     push DX
2    69	0024  B4 02			     mov AH, 2
2    70	0026  B2 0A			     mov DL, 10
2    71	0028  CD 21			     int 21h
2    72	002A  B2 0D			     mov DL, 13
2    73	002C  CD 21			     int 21h
2    74	002E  5A			     pop DX
2    75	002F  58			     pop AX
1    76	0030  B9 000A			     mov CX, 10
1    77	0033  B4 02			     mov AH, 2
1    78	0035  B2 2A			     mov DL, '*'
1    79	0037				     ??0001:
1    80	0037  CD 21				     int 21h
1    81	0039  E2 FC			     loop ??0001
1    82	003B  59			     pop CX
1    83	003C  5A			     pop DX
1    84	003D  58			     pop AX
     85					     stars
1    86	003E  50			     push AX
1    87	003F  52			     push DX
1    88	0040  51			     push CX
1    89					     nl						     ; вложенный макрос
2    90	0041  50			     push AX
2    91	0042  52			     push DX
2    92	0043  B4 02			     mov AH, 2
2    93	0045  B2 0A			     mov DL, 10
2    94	0047  CD 21			     int 21h
2    95	0049  B2 0D			     mov DL, 13
2    96	004B  CD 21			     int 21h
2    97	004D  5A			     pop DX
2    98	004E  58			     pop AX
1    99	004F  B9 000A			     mov CX, 10
1   100	0052  B4 02			     mov AH, 2
1   101	0054  B2 2A			     mov DL, '*'
1   102	0056				     ??0002:
1   103	0056  CD 21				     int 21h
1   104	0058  E2 FC			     loop ??0002
1   105	005A  59			     pop CX
1   106	005B  5A			     pop DX
1   107	005C  58			     pop AX
    108
    109					     ; выход из программы
    110	005D  B8 4C00			     mov AX, 4c00h
    111	0060  CD 21			     int 21h
    112				     END begin					     ; завершение программы
Turbo Assembler	 Version 4.1	    11/22/22 13:25:14	    Page 3
Symbol Table




Symbol Name			  Type	 Value

??0000				  Near	 _TEXT:0018
??0001				  Near	 _TEXT:0037
??0002				  Near	 _TEXT:0056
??DATE				  Text	 "11/22/22"
??FILENAME			  Text	 "8-2	  "
??TIME				  Text	 "13:25:14"
??VERSION			  Number 040A
@32BIT				  Text	 0
@CODE				  Text	 _TEXT
@CODESIZE			  Text	 0
@CPU				  Text	 0101H
@CURSEG				  Text	 _TEXT
@DATA				  Text	 DGROUP
@DATASIZE			  Text	 0
@FILENAME			  Text	 8-2
@INTERFACE			  Text	 000H
@MODEL				  Text	 2
@STACK				  Text	 DGROUP
@WORDSIZE			  Text	 2
BEGIN				  Near	 _TEXT:0000

Macro Name

NL
STARS

Groups & Segments		  Bit Size Align  Combine Class

DGROUP				  Group
  STACK				  16  0100 Para	  Stack	  STACK
  _DATA				  16  0000 Word	  Public  DATA
_TEXT				  16  0062 Word	  Public  CODE
